# JRE version: OpenJDK Runtime Environment Microsoft-10376486 (17.0.13+11) (build 17.0.13+11-LTS)
# Java VM: OpenJDK 64-Bit Server VM Microsoft-10376486 (17.0.13+11-LTS, mixed mode, sharing, tiered, compressed oops, compressed class ptrs, g1 gc, windows-amd64)
GC Precious Log:
 CPUs: 8 total, 8 available
 Memory: 16129M
 Large Page Support: Disabled
 NUMA Support: Disabled
 Compressed Oops: Enabled (32-bit)
 Heap Region Size: 1M
 Heap Min Capacity: 8M
 Heap Initial Capacity: 254M
 Heap Max Capacity: 2G
 Pre-touch: Disabled
 Parallel Workers: 8
 Concurrent Workers: 2
 Concurrent Refinement Workers: 8
 Periodic GC: Disabled
Heap:
 garbage-first heap   total 339968K, used 214007K [0x0000000080000000, 0x0000000100000000)
  region size 1024K, 4 young (4096K), 4 survivors (4096K)
 Metaspace       used 104021K, committed 105536K, reserved 557056K
  class space    used 14510K, committed 15168K, reserved 425984K
GC Heap History (20 events):
Event: 52.989 GC heap after
{Heap after GC invocations=55 (full 0):
 garbage-first heap   total 308224K, used 169185K [0x0000000080000000, 0x0000000100000000)
  region size 1024K, 2 young (2048K), 2 survivors (2048K)
 Metaspace       used 102708K, committed 104128K, reserved 557056K
  class space    used 14335K, committed 14976K, reserved 425984K
}
Event: 59.904 GC heap before
{Heap before GC invocations=55 (full 0):
 garbage-first heap   total 308224K, used 251105K [0x0000000080000000, 0x0000000100000000)
  region size 1024K, 79 young (80896K), 2 survivors (2048K)
 Metaspace       used 102975K, committed 104384K, reserved 557056K
  class space    used 14373K, committed 14976K, reserved 425984K
}
Event: 59.911 GC heap after
{Heap after GC invocations=56 (full 0):
 garbage-first heap   total 308224K, used 185275K [0x0000000080000000, 0x0000000100000000)
  region size 1024K, 10 young (10240K), 10 survivors (10240K)
 Metaspace       used 102975K, committed 104384K, reserved 557056K
  class space    used 14373K, committed 14976K, reserved 425984K
}
Event: 59.987 GC heap before
{Heap before GC invocations=56 (full 0):
 garbage-first heap   total 308224K, used 246715K [0x0000000080000000, 0x0000000100000000)
  region size 1024K, 71 young (72704K), 10 survivors (10240K)
 Metaspace       used 102975K, committed 104384K, reserved 557056K
  class space    used 14373K, committed 14976K, reserved 425984K
}
Event: 59.991 GC heap after
{Heap after GC invocations=57 (full 0):
 garbage-first heap   total 308224K, used 188013K [0x0000000080000000, 0x0000000100000000)
  region size 1024K, 4 young (4096K), 4 survivors (4096K)
 Metaspace       used 102975K, committed 104384K, reserved 557056K
  class space    used 14373K, committed 14976K, reserved 425984K
}
Event: 60.070 GC heap before
{Heap before GC invocations=57 (full 0):
 garbage-first heap   total 308224K, used 215661K [0x0000000080000000, 0x0000000100000000)
  region size 1024K, 33 young (33792K), 4 survivors (4096K)
 Metaspace       used 103158K, committed 104640K, reserved 557056K
  class space    used 14394K, committed 15040K, reserved 425984K
}
Event: 60.074 GC heap after
{Heap after GC invocations=58 (full 0):
 garbage-first heap   total 308224K, used 190012K [0x0000000080000000, 0x0000000100000000)
  region size 1024K, 6 young (6144K), 6 survivors (6144K)
 Metaspace       used 103158K, committed 104640K, reserved 557056K
  class space    used 14394K, committed 15040K, reserved 425984K
}
Event: 62.993 GC heap before
{Heap before GC invocations=59 (full 0):
 garbage-first heap   total 324608K, used 254524K [0x0000000080000000, 0x0000000100000000)
  region size 1024K, 67 young (68608K), 6 survivors (6144K)
 Metaspace       used 103393K, committed 104896K, reserved 557056K
  class space    used 14426K, committed 15104K, reserved 425984K
}
Event: 62.999 GC heap after
{Heap after GC invocations=60 (full 0):
 garbage-first heap   total 324608K, used 200318K [0x0000000080000000, 0x0000000100000000)
  region size 1024K, 9 young (9216K), 9 survivors (9216K)
 Metaspace       used 103393K, committed 104896K, reserved 557056K
  class space    used 14426K, committed 15104K, reserved 425984K
}
Event: 63.062 GC heap before
{Heap before GC invocations=60 (full 0):
 garbage-first heap   total 324608K, used 205438K [0x0000000080000000, 0x0000000100000000)
  region size 1024K, 15 young (15360K), 9 survivors (9216K)
 Metaspace       used 103393K, committed 104896K, reserved 557056K
  class space    used 14426K, committed 15104K, reserved 425984K
}
Event: 63.066 GC heap after
{Heap after GC invocations=61 (full 0):
 garbage-first heap   total 324608K, used 198313K [0x0000000080000000, 0x0000000100000000)
  region size 1024K, 2 young (2048K), 2 survivors (2048K)
 Metaspace       used 103393K, committed 104896K, reserved 557056K
  class space    used 14426K, committed 15104K, reserved 425984K
}
Event: 63.682 GC heap before
{Heap before GC invocations=61 (full 0):
 garbage-first heap   total 324608K, used 261801K [0x0000000080000000, 0x0000000100000000)
  region size 1024K, 65 young (66560K), 2 survivors (2048K)
 Metaspace       used 103393K, committed 104896K, reserved 557056K
  class space    used 14426K, committed 15104K, reserved 425984K
}
Event: 63.684 GC heap after
{Heap after GC invocations=62 (full 0):
 garbage-first heap   total 324608K, used 200726K [0x0000000080000000, 0x0000000100000000)
  region size 1024K, 5 young (5120K), 5 survivors (5120K)
 Metaspace       used 103393K, committed 104896K, reserved 557056K
  class space    used 14426K, committed 15104K, reserved 425984K
}
Event: 63.995 GC heap before
{Heap before GC invocations=62 (full 0):
 garbage-first heap   total 324608K, used 206870K [0x0000000080000000, 0x0000000100000000)
  region size 1024K, 12 young (12288K), 5 survivors (5120K)
 Metaspace       used 103509K, committed 104960K, reserved 557056K
  class space    used 14442K, committed 15104K, reserved 425984K
}
Event: 63.998 GC heap after
{Heap after GC invocations=63 (full 0):
 garbage-first heap   total 324608K, used 201424K [0x0000000080000000, 0x0000000100000000)
  region size 1024K, 5 young (5120K), 5 survivors (5120K)
 Metaspace       used 103509K, committed 104960K, reserved 557056K
  class space    used 14442K, committed 15104K, reserved 425984K
}
Event: 69.869 GC heap before
{Heap before GC invocations=64 (full 0):
 garbage-first heap   total 339968K, used 264912K [0x0000000080000000, 0x0000000100000000)
  region size 1024K, 67 young (68608K), 5 survivors (5120K)
 Metaspace       used 104011K, committed 105536K, reserved 557056K
  class space    used 14508K, committed 15168K, reserved 425984K
}
Event: 69.877 GC heap after
{Heap after GC invocations=65 (full 0):
 garbage-first heap   total 339968K, used 214373K [0x0000000080000000, 0x0000000100000000)
  region size 1024K, 9 young (9216K), 9 survivors (9216K)
 Metaspace       used 104011K, committed 105536K, reserved 557056K
  class space    used 14508K, committed 15168K, reserved 425984K
}
Event: 69.889 GC heap before
{Heap before GC invocations=65 (full 0):
 garbage-first heap   total 339968K, used 220517K [0x0000000080000000, 0x0000000100000000)
  region size 1024K, 16 young (16384K), 9 survivors (9216K)
 Metaspace       used 104021K, committed 105536K, reserved 557056K
  class space    used 14510K, committed 15168K, reserved 425984K
}
Event: 69.895 GC heap after
{Heap after GC invocations=66 (full 0):
 garbage-first heap   total 339968K, used 211475K [0x0000000080000000, 0x0000000100000000)
  region size 1024K, 2 young (2048K), 2 survivors (2048K)
 Metaspace       used 104021K, committed 105536K, reserved 557056K
  class space    used 14510K, committed 15168K, reserved 425984K
}
Event: 69.962 GC heap before
{Heap before GC invocations=66 (full 0):
 garbage-first heap   total 339968K, used 273939K [0x0000000080000000, 0x0000000100000000)
  region size 1024K, 64 young (65536K), 2 survivors (2048K)
 Metaspace       used 104021K, committed 105536K, reserved 557056K
  class space    used 14510K, committed 15168K, reserved 425984K
}

